-------------------------------------------------------------------------------
Test set: com.example.demo.DemoApplicationTests
-------------------------------------------------------------------------------
Tests run: 2, Failures: 1, Errors: 0, Skipped: 0, Time elapsed: 2.608 s <<< FAILURE! - in com.example.demo.DemoApplicationTests
homeResponse(com.example.demo.DemoApplicationTests)  Time elapsed: 0.28 s  <<< FAILURE!
org.junit.ComparisonFailure: expected:<"[Spring is here!]"> but was:<"[{"timestamp":"2021-05-18T17:55:40.277+0000","status":404,"error":"Not Found","message":"No message available","path":"/"}]">
	at com.example.demo.DemoApplicationTests.homeResponse(DemoApplicationTests.java:26)

